[debug] [2023-04-26T14:29:15.657Z] ----------------------------------------------------------------------
[debug] [2023-04-26T14:29:15.661Z] Command:       C:\Program Files\nodejs\node.exe C:\Users\USER\AppData\Roaming\npm\node_modules\firebase-tools\lib\bin\firebase.js init
[debug] [2023-04-26T14:29:15.662Z] CLI Version:   11.29.0
[debug] [2023-04-26T14:29:15.662Z] Platform:      win32
[debug] [2023-04-26T14:29:15.662Z] Node Version:  v18.13.0
[debug] [2023-04-26T14:29:15.664Z] Time:          Wed Apr 26 2023 19:29:15 GMT+0500 (Pakistan Standard Time)
[debug] [2023-04-26T14:29:15.665Z] ----------------------------------------------------------------------
[debug] 
[debug] [2023-04-26T14:29:15.680Z] > command requires scopes: ["email","openid","https://www.googleapis.com/auth/cloudplatformprojects.readonly","https://www.googleapis.com/auth/firebase","https://www.googleapis.com/auth/cloud-platform"]
[debug] [2023-04-26T14:29:15.681Z] > authorizing via signed-in user (ahmedusaid85@gmail.com)
[info] 
     ######## #### ########  ######## ########     ###     ######  ########
     ##        ##  ##     ## ##       ##     ##  ##   ##  ##       ##
     ######    ##  ########  ######   ########  #########  ######  ######
     ##        ##  ##    ##  ##       ##     ## ##     ##       ## ##
     ##       #### ##     ## ######## ########  ##     ##  ######  ########

You're about to initialize a Firebase project in this directory:

  D:\usaid\react-web

[info] 
=== Project Setup
[info] 
[info] First, let's associate this project directory with a Firebase project.
[info] You can create multiple project aliases by running firebase use --add, 
[info] but for now we'll just set up a default project.
[info] 
[debug] [2023-04-26T14:29:39.628Z] >>> [apiv2][query] GET https://firebase.googleapis.com/v1beta1/projects pageSize=100
[debug] [2023-04-26T14:29:40.800Z] <<< [apiv2][status] GET https://firebase.googleapis.com/v1beta1/projects 200
[debug] [2023-04-26T14:29:40.801Z] <<< [apiv2][body] GET https://firebase.googleapis.com/v1beta1/projects [omitted]
[info] i  Using project hamza-portfolio-31552 (Hamza-portfolio) 
[info] 
=== Hosting Setup
[info] 
[info] Your public directory is the folder (relative to your project directory) that
[info] will contain Hosting assets to be uploaded with firebase deploy. If you
[info] have a build process for your assets, use your build's output directory.
[info] 
